{"name": "test_Credkart_login_002", "status": "broken", "statusDetails": {"message": "selenium.common.exceptions.TimeoutException: Message: \nStacktrace:\nSymbols not available. Dumping unresolved backtrace:\n\t0x7ff6798588e5\n\t0x7ff679858940\n\t0x7ff67963165d\n\t0x7ff679689a33\n\t0x7ff679689d3c\n\t0x7ff6796ddf67\n\t0x7ff6796dac97\n\t0x7ff67967ac29\n\t0x7ff67967ba93\n\t0x7ff679b70640\n\t0x7ff679b6af80\n\t0x7ff679b896e6\n\t0x7ff679875de4\n\t0x7ff67987ed8c\n\t0x7ff679862004\n\t0x7ff6798621b5\n\t0x7ff679847ee2\n\t0x7ff9278de8d7\n\t0x7ff92892c53c", "trace": "self = <testCases.test_Credkart_User_Profile_001.Test_User_Profile object at 0x000001466F6ED450>\n\n    @allure.title(\"test_Credkart_login_002\")\n    @allure.severity(allure.severity_level.NORMAL)\n    @allure.epic(\"Epic: Userprofile: user login\")\n    @allure.description(\"This testcases is to validate CredKart website  user login\")\n    @allure.link(login_url)\n    @allure.issue(\"user login\")\n    @allure.story(\"CredKart : User login\")\n    @pytest.mark.smoke\n    @pytest.mark.flaky(reruns=1, rerun_delay=1)\n    #@pytest.mark.dependency(depends=[\"test_verify_Credkart_url_001\"])\n    @pytest.mark.order(2)\n    def test_Credkart_login_002(self):\n        self.log.info(\"Testcase test_Credkart_login_002 is started\")\n        self.driver.get(self.login_url)\n        self.log.info(f\"Opening browser and getting {self.login_url}\")\n    \n        # email_id = \"Credencetest@test.com\"\n        # pass_word = \"Credence@123\"\n        self.lp = Login_Page_Class(self.driver) # login page class object and now we can access the methods\n    \n        # Enter Username\n        # email = self.driver.find_element(By.XPATH, \"//input[@id='email']\")\n        # email.send_keys(email_id)\n        self.log.info(f\"Entering the Email {self.email}\")\n>       self.lp.Enter_Email(self.email)\n\ntestCases\\test_Credkart_User_Profile_001.py:109: \n_ _ _ _ _ _ _ _ _ _ _ _ _ _ _ _ _ _ _ _ _ _ _ _ _ _ _ _ _ _ _ _ _ _ _ _ _ _ _ _ _ _ _ _ _ _ _ _ _ _ _ _ _ _ _ _ _ _ _ _ _ _ _ _ _ _ _ _ _ _ _ _ _ _ _ _ _ _ _ _ _ \npageObjects\\Login_Page.py:18: in Enter_Email\n    self.wait.until(expected_conditions.visibility_of_element_located((By.ID, self.text_email_id)))\n_ _ _ _ _ _ _ _ _ _ _ _ _ _ _ _ _ _ _ _ _ _ _ _ _ _ _ _ _ _ _ _ _ _ _ _ _ _ _ _ _ _ _ _ _ _ _ _ _ _ _ _ _ _ _ _ _ _ _ _ _ _ _ _ _ _ _ _ _ _ _ _ _ _ _ _ _ _ _ _ _ \n\nself = <selenium.webdriver.support.wait.WebDriverWait (session=\"34a66acd667db309ad716e63a52c919f\")>\nmethod = <function visibility_of_element_located.<locals>._predicate at 0x00000146707FE090>, message = ''\n\n    def until(self, method: Callable[[D], Literal[False] | T], message: str = \"\") -> T:\n        \"\"\"Wait until the method returns a value that is not False.\n    \n        Calls the method provided with the driver as an argument until the\n        return value does not evaluate to ``False``.\n    \n        Args:\n            method: A callable object that takes a WebDriver instance as an\n                argument.\n            message: Optional message for TimeoutException.\n    \n        Returns:\n            The result of the last call to `method`.\n    \n        Raises:\n            TimeoutException: If 'method' does not return a truthy value within\n                the WebDriverWait object's timeout.\n    \n        Example:\n            >>> from selenium.webdriver.common.by import By\n            >>> from selenium.webdriver.support.ui import WebDriverWait\n            >>> from selenium.webdriver.support import expected_conditions as EC\n            >>>\n            >>> # Wait until an element is visible on the page\n            >>> wait = WebDriverWait(driver, 10)\n            >>> element = wait.until(EC.visibility_of_element_located((By.ID, \"exampleId\")))\n            >>> print(element.text)\n        \"\"\"\n        screen = None\n        stacktrace = None\n    \n        end_time = time.monotonic() + self._timeout\n        while True:\n            try:\n                value = method(self._driver)\n                if value:\n                    return value\n            except self._ignored_exceptions as exc:\n                screen = getattr(exc, \"screen\", None)\n                stacktrace = getattr(exc, \"stacktrace\", None)\n            if time.monotonic() > end_time:\n                break\n            time.sleep(self._poll)\n>       raise TimeoutException(message, screen, stacktrace)\nE       selenium.common.exceptions.TimeoutException: Message: \nE       Stacktrace:\nE       Symbols not available. Dumping unresolved backtrace:\nE       \t0x7ff6798588e5\nE       \t0x7ff679858940\nE       \t0x7ff67963165d\nE       \t0x7ff679689a33\nE       \t0x7ff679689d3c\nE       \t0x7ff6796ddf67\nE       \t0x7ff6796dac97\nE       \t0x7ff67967ac29\nE       \t0x7ff67967ba93\nE       \t0x7ff679b70640\nE       \t0x7ff679b6af80\nE       \t0x7ff679b896e6\nE       \t0x7ff679875de4\nE       \t0x7ff67987ed8c\nE       \t0x7ff679862004\nE       \t0x7ff6798621b5\nE       \t0x7ff679847ee2\nE       \t0x7ff9278de8d7\nE       \t0x7ff92892c53c\n\n..\\..\\..\\..\\AppData\\Local\\Programs\\Python\\Python314\\Lib\\site-packages\\selenium\\webdriver\\support\\wait.py:122: TimeoutException"}, "description": "This testcases is to validate CredKart website  user login", "attachments": [{"name": "log", "source": "a28e1f02-f3bd-4f97-adf1-b9d56478c229-attachment.txt", "type": "text/plain"}], "start": 1769785529144, "stop": 1769785535169, "uuid": "a026c8bd-f646-4c2e-a3fe-55f48fd9a99a", "historyId": "c427c087e16384e881e60caa6190a7db", "testCaseId": "c427c087e16384e881e60caa6190a7db", "fullName": "testCases.test_Credkart_User_Profile_001.Test_User_Profile#test_Credkart_login_002", "labels": [{"name": "story", "value": "CredKart : User login"}, {"name": "epic", "value": "Epic: Userprofile: user login"}, {"name": "severity", "value": "normal"}, {"name": "tag", "value": "smoke"}, {"name": "parentSuite", "value": "testCases"}, {"name": "suite", "value": "test_Credkart_User_Profile_001"}, {"name": "subSuite", "value": "Test_User_Profile"}, {"name": "host", "value": "Prathamesh"}, {"name": "thread", "value": "13964-MainThread"}, {"name": "framework", "value": "pytest"}, {"name": "language", "value": "cpython3"}, {"name": "package", "value": "testCases.test_Credkart_User_Profile_001"}], "links": [{"type": "issue", "url": "user login", "name": "user login"}, {"type": "link", "url": "https://automation.credence.in/login", "name": "https://automation.credence.in/login"}], "titlePath": ["testCases", "test_Credkart_User_Profile_001.py", "Test_User_Profile"]}